<?xml version="1.0" encoding="UTF-8"?>
<!-- Generated by org.testng.reporters.JUnitReportReporter -->
<testsuite hostname="abhakeshri" name="org.facebook.facebookTest" tests="1" failures="0" timestamp="19 Jan 2017 19:45:52 GMT" time="39.483" errors="0">
  <testcase name="facebooklogin" time="39.483" classname="org.facebook.facebookTest"/>
</testsuite> <!-- org.facebook.facebookTest -->
